Total: 1111 samples
     563  50.7%  50.7%      563  50.7% carryOutLLOp /u/ma/ugrad/danning/csos/lab2b/lab2_list.c:152
     401  36.1%  86.8%      401  36.1% carryOutLLOp /u/ma/ugrad/danning/csos/lab2b/lab2_list.c:227
      49   4.4%  91.2%       49   4.4% ?? /usr/src/debug////////glibc-2.17-c758a686/string/../sysdeps/x86_64/multiarch/strcmp-sse42.S:165
      14   1.3%  92.4%       14   1.3% ?? /usr/src/debug////////glibc-2.17-c758a686/string/../sysdeps/x86_64/multiarch/strcmp-sse42.S:1721
      13   1.2%  93.6%       64   5.8% SortedList_lookup /u/ma/ugrad/danning/csos/lab2b/SortedList.c:113
       8   0.7%  94.3%       69   6.2% SortedList_insert /u/ma/ugrad/danning/csos/lab2b/SortedList.c:34
       7   0.6%  95.0%        7   0.6% ?? /usr/src/debug////////glibc-2.17-c758a686/string/../sysdeps/x86_64/multiarch/strcmp-sse42.S:1729
       7   0.6%  95.6%        7   0.6% ?? /usr/src/debug////////glibc-2.17-c758a686/string/../sysdeps/x86_64/multiarch/strcmp-sse42.S:1730
       6   0.5%  96.1%        6   0.5% ?? /usr/src/debug////////glibc-2.17-c758a686/string/../sysdeps/x86_64/multiarch/strcmp-sse42.S:1720
       6   0.5%  96.7%        6   0.5% ?? /usr/src/debug////////glibc-2.17-c758a686/string/../sysdeps/x86_64/multiarch/strcmp-sse42.S:202
       5   0.5%  97.1%        5   0.5% ?? /usr/src/debug////////glibc-2.17-c758a686/string/../sysdeps/x86_64/multiarch/strcmp-sse42.S:134
       4   0.4%  97.5%        4   0.4% ?? /usr/src/debug////////glibc-2.17-c758a686/string/../sysdeps/x86_64/multiarch/strcmp-sse42.S:1714
       4   0.4%  97.8%        4   0.4% SortedList_insert /u/ma/ugrad/danning/csos/lab2b/SortedList.c:41
       3   0.3%  98.1%        3   0.3% ?? /usr/src/debug////////glibc-2.17-c758a686/string/../sysdeps/x86_64/multiarch/strcmp-sse42.S:205
       3   0.3%  98.4%        3   0.3% SortedList_lookup /u/ma/ugrad/danning/csos/lab2b/SortedList.c:112
       3   0.3%  98.6%        3   0.3% SortedList_lookup /u/ma/ugrad/danning/csos/lab2b/SortedList.c:120
       3   0.3%  98.9%        3   0.3% _init ??:0
       2   0.2%  99.1%        2   0.2% ?? /usr/src/debug////////glibc-2.17-c758a686/string/../sysdeps/x86_64/multiarch/strcmp-sse42.S:130
       2   0.2%  99.3%        2   0.2% ?? /usr/src/debug////////glibc-2.17-c758a686/string/../sysdeps/x86_64/multiarch/strcmp-sse42.S:204
       2   0.2%  99.5%        2   0.2% SortedList_insert /u/ma/ugrad/danning/csos/lab2b/SortedList.c:42
       2   0.2%  99.6%        2   0.2% SortedList_lookup /u/ma/ugrad/danning/csos/lab2b/SortedList.c:117
       1   0.1%  99.7%        1   0.1% ?? /usr/src/debug////////glibc-2.17-c758a686/string/../sysdeps/x86_64/multiarch/strcmp-sse42.S:131
       1   0.1%  99.8%        1   0.1% ?? /usr/src/debug////////glibc-2.17-c758a686/string/../sysdeps/x86_64/multiarch/strcmp-sse42.S:160
       1   0.1%  99.9%        1   0.1% ?? /usr/src/debug////////glibc-2.17-c758a686/string/../sysdeps/x86_64/multiarch/strcmp-sse42.S:200
       1   0.1% 100.0%        1   0.1% ?? /usr/src/debug////////glibc-2.17-c758a686/string/../sysdeps/x86_64/multiarch/strcmp-sse42.S:203
       0   0.0% 100.0%     1111 100.0% ?? /usr/src/debug////////glibc-2.17-c758a686/misc/../sysdeps/unix/sysv/linux/x86_64/clone.S:111
       0   0.0% 100.0%       75   6.8% carryOutLLOp /u/ma/ugrad/danning/csos/lab2b/lab2_list.c:155
       0   0.0% 100.0%       72   6.5% carryOutLLOp /u/ma/ugrad/danning/csos/lab2b/lab2_list.c:230
       0   0.0% 100.0%       72   6.5% deleteFromLL /u/ma/ugrad/danning/csos/lab2b/lab2_list.c:98
       0   0.0% 100.0%     1111 100.0% start_thread /usr/src/debug/glibc-2.17-c758a686/nptl/pthread_create.c:307
